366
file_name, n_clusters, n_good_angles, total: asn.pdb 2 366 1369 0.314548969269
452
file_name, n_clusters, n_good_angles, total: asp.pdb 2 452 1369 0.339855909348
43
file_name, n_clusters, n_good_angles, total: cys.pdb 1 43 121 0.0213358402252
6415
file_name, n_clusters, n_good_angles, total: gln.pdb 3 6415 50653 16.0426549911
7010
file_name, n_clusters, n_good_angles, total: glu.pdb 3 7010 50653 17.2577161789
392
file_name, n_clusters, n_good_angles, total: his.pdb 2 392 1369 0.398926973343
84
file_name, n_clusters, n_good_angles, total: ile.pdb 2 84 1369 0.243782043457
101
file_name, n_clusters, n_good_angles, total: leu.pdb 2 101 1369 0.280228853226
4631
file_name, n_clusters, n_good_angles, total: met.pdb 3 4631 50653 12.8068768978
4925
file_name, n_clusters, n_good_angles, total: mse.pdb 3 4925 50653 15.7372620106
321
file_name, n_clusters, n_good_angles, total: phe.pdb 2 321 1369 1.09856891632
296
file_name, n_clusters, n_good_angles, total: pro.pdb 2 296 1369 0.580528974533
43
file_name, n_clusters, n_good_angles, total: ser.pdb 1 43 121 0.0258312225342
34
file_name, n_clusters, n_good_angles, total: thr.pdb 1 34 121 0.0394620895386
334
file_name, n_clusters, n_good_angles, total: trp.pdb 2 334 1369 0.96654510498
321
file_name, n_clusters, n_good_angles, total: tyr.pdb 2 321 1369 0.477782011032
29
file_name, n_clusters, n_good_angles, total: val.pdb 1 29 121 0.0203580856323
108808
file_name, n_clusters, n_good_angles, total: arg.pdb 4 108808 1874161 942.141209841
79082
file_name, n_clusters, n_good_angles, total: lys.pdb 4 79082 1874161 747.449290991
